* using log directory ‘/Users/hf/Desktop/Rbonaut2/Rbonaut2.Rcheck’
* using R version 3.2.2 (2015-08-14)
* using platform: x86_64-apple-darwin13.4.0 (64-bit)
* using session charset: UTF-8
* checking for file ‘Rbonaut2/DESCRIPTION’ ... OK
* checking extension type ... Package
* this is package ‘Rbonaut2’ version ‘0.1’
* checking package namespace information ... OK
* checking package dependencies ... OK
* checking if this is a source package ... OK
* checking if there is a namespace ... OK
* checking for executable files ... OK
* checking for hidden files and directories ... NOTE
Found the following hidden files and directories:
  .Rhistory
  .Rproj.user
These were most likely included in error. See section ‘Package
structure’ in the ‘Writing R Extensions’ manual.
* checking for portable file names ... OK
* checking for sufficient/correct file permissions ... OK
* checking whether package ‘Rbonaut2’ can be installed ... OK
* checking installed package size ... OK
* checking package directory ... OK
* checking DESCRIPTION meta-information ... NOTE
Malformed Description field: should contain one or more complete sentences.
Non-standard license specification:
  This package is private and internal of Cavorit Consulting GmbH
Standardizable: FALSE
* checking top-level files ... OK
* checking for left-over files ... OK
* checking index information ... OK
* checking package subdirectories ... OK
* checking R files for non-ASCII characters ... WARNING
Found the following file with non-ASCII characters:
  SQL2DF.R
Portable packages must use only ASCII characters in their R code,
except perhaps in comments.
Use \uxxxx escapes for other characters.
* checking R files for syntax errors ... OK
* checking whether the package can be loaded ... OK
* checking whether the package can be loaded with stated dependencies ... OK
* checking whether the package can be unloaded cleanly ... OK
* checking whether the namespace can be loaded with stated dependencies ... OK
* checking whether the namespace can be unloaded cleanly ... OK
* checking dependencies in R code ... WARNING
'::' or ':::' import not declared from: ‘Rbonaut’
* checking S3 generic/method consistency ... OK
* checking replacement functions ... OK
* checking foreign function calls ... OK
* checking R code for possible problems ... NOTE
SQL2DF : SQL2DF.nB: no visible global function definition for
  ‘data.table’
SQL2DF : SQL2DF.nB: no visible global function definition for ‘.’
SQL2DF : SQL2DF.nB: no visible binding for global variable ‘idX’
SQL2DF : SQL2DF.nB: no visible binding for global variable ‘idS’
SQL2DF : SQL2DF.RW : iCalcReaktionsWinkel: no visible global function
  definition for ‘data.table’
SQL2DF : SQL2DF.RW : iCalcReaktionsWinkel: no visible global function
  definition for ‘setkey’
SQL2DF : SQL2DF.RW : iCalcReaktionsWinkel: no visible binding for
  global variable ‘idX’
* checking Rd files ... WARNING
SQL2DF.Rd: non-ASCII input and no declared encoding
getAdrWAlsListe.Rd: non-ASCII input and no declared encoding
getFirstAdrW.Rd: non-ASCII input and no declared encoding
getNachname.Rd: non-ASCII input and no declared encoding
getVorname.Rd: non-ASCII input and no declared encoding
istFormatNachnameKommaVorname.Rd: non-ASCII input and no declared encoding
problems found in ‘SQL2DF.Rd’, ‘getAdrWAlsListe.Rd’, ‘getFirstAdrW.Rd’, ‘getNachname.Rd’, ‘getVorname.Rd’, ‘istFormatNachnameKommaVorname.Rd’
* checking Rd metadata ... OK
* checking Rd cross-references ... OK
* checking for missing documentation entries ... OK
* checking for code/documentation mismatches ... OK
* checking Rd \usage sections ... OK
* checking Rd contents ... OK
* checking for unstated dependencies in examples ... OK
* checking examples ... NONE
* checking PDF version of manual ... OK
* DONE
Status: 3 WARNINGs, 3 NOTEs
